<?xml version="1.0" encoding="UTF-8"?>
<!-- Generated by org.testng.reporters.JUnitReportReporter -->
<testsuite skipped="0" hostname="Foram" name="com.ambab.testcases.TC_WomenScreenPageTest" tests="2" failures="0" timestamp="11 Aug 2020 19:17:48 GMT" time="23.922" errors="0">
  <testcase name="verifyWomenPage" time="12.814" classname="com.ambab.testcases.TC_WomenScreenPageTest"/>
  <testcase name="verifyProductCount" time="11.108" classname="com.ambab.testcases.TC_WomenScreenPageTest"/>
</testsuite> <!-- com.ambab.testcases.TC_WomenScreenPageTest -->
